<?xml version="1.0" encoding="UTF-8"?>
<!-- Generated by org.testng.reporters.JUnitReportReporter -->
<testsuite hostname="Nikku" failures="0" tests="6" name="com.qa.opencart.tests.AccountsPageTest" time="23.790" errors="0" timestamp="2024-05-13T12:21:55 IST" skipped="0">
  <testcase classname="com.qa.opencart.tests.AccountsPageTest" name="selectProductTest" time="4.179"/>
  <testcase classname="com.qa.opencart.tests.AccountsPageTest" name="selectProductTest" time="4.440"/>
  <testcase classname="com.qa.opencart.tests.AccountsPageTest" name="selectProductTest" time="3.723"/>
  <testcase classname="com.qa.opencart.tests.AccountsPageTest" name="selectProductTest" time="3.846"/>
  <testcase classname="com.qa.opencart.tests.AccountsPageTest" name="selectProductTest" time="3.783"/>
  <testcase classname="com.qa.opencart.tests.AccountsPageTest" name="selectProductTest" time="3.819"/>
</testsuite> <!-- com.qa.opencart.tests.AccountsPageTest -->
