<?xml version="1.0" encoding="UTF-8"?>
<!-- Generated by org.testng.reporters.JUnitReportReporter -->
<testsuite hostname="Nikku" failures="0" tests="1" name="com.qa.opencart.tests.ProductPageInfoTest" time="9.450" errors="0" timestamp="2024-05-13T21:18:26 IST" skipped="0">
  <testcase classname="com.qa.opencart.tests.ProductPageInfoTest" name="productInfoTest" time="9.450"/>
</testsuite> <!-- com.qa.opencart.tests.ProductPageInfoTest -->
