<?xml version="1.0" encoding="UTF-8"?>
<!-- Generated by org.testng.reporters.JUnitReportReporter -->
<testsuite hostname="Nikku" failures="0" tests="1" name="com.qa.veeva.coreproducttests.CountsVideosFeedTest" time="14.893" errors="0" timestamp="2024-06-30T14:36:48 IST" skipped="0">
  <testcase classname="com.qa.veeva.coreproducttests.CountsVideosFeedTest" name="getAllGivenProductCount" time="14.893"/>
</testsuite> <!-- com.qa.veeva.coreproducttests.CountsVideosFeedTest -->
