<?xml version="1.0" encoding="UTF-8"?>
<!-- Generated by org.testng.reporters.JUnitReportReporter -->
<testsuite hostname="Nikku" failures="0" tests="4" name="com.qa.opencart.tests.LoginPageTest" time="3.092" errors="0" timestamp="2024-05-13T11:17:32 IST" skipped="0">
  <testcase classname="com.qa.opencart.tests.LoginPageTest" name="loginPageTitleTest" time="0.076"/>
  <testcase classname="com.qa.opencart.tests.LoginPageTest" name="loginPageURLTest" time="0.016"/>
  <testcase classname="com.qa.opencart.tests.LoginPageTest" name="forgotPwdLinkExistTest" time="0.072"/>
  <testcase classname="com.qa.opencart.tests.LoginPageTest" name="loginTest" time="2.928"/>
</testsuite> <!-- com.qa.opencart.tests.LoginPageTest -->
