<?xml version="1.0" encoding="UTF-8"?>
<!-- Generated by org.testng.reporters.JUnitReportReporter -->
<testsuite hostname="Nikku" failures="0" tests="1" name="com.qa.veeva.coreproducttests.AllProductsTestcase" time="53.083" errors="0" timestamp="30 Jun 2024 11:03:21 GMT" skipped="0">
  <testcase classname="com.qa.veeva.coreproducttests.AllProductsTestcase" name="testProductDetails" time="53.083"/>
</testsuite> <!-- com.qa.veeva.coreproducttests.AllProductsTestcase -->
